============================= test session starts ==============================
platform linux -- Python 3.9.2, pytest-7.2.0, pluggy-1.0.0 -- /home/kalschi_andychentw_altostrat_com/.py3/bin/python
cachedir: .pytest_cache
rootdir: /home/kalschi_andychentw_altostrat_com/mlops-stack
plugins: black-0.3.12
collecting ... collected 155 items

tests/test_create_project.py::BLACK SKIPPED (file(s) previously passed black format checks) [  0%]
tests/test_create_project.py::test_no_template_strings_after_param_substitution[aws-GitHub Actions-no] PASSED [  1%]
tests/test_create_project.py::test_no_template_strings_after_param_substitution[azure-GitHub Actions-no] PASSED [  1%]
tests/test_create_project.py::test_no_template_strings_after_param_substitution[azure-Azure DevOps-no] PASSED [  2%]
tests/test_create_project.py::test_no_template_strings_after_param_substitution[aws-GitHub Actions-yes] PASSED [  3%]
tests/test_create_project.py::test_no_template_strings_after_param_substitution[azure-GitHub Actions-yes] PASSED [  3%]
tests/test_create_project.py::test_no_template_strings_after_param_substitution[gcp-GitHub Actions-yes] PASSED [  4%]
tests/test_create_project.py::test_no_template_strings_after_param_substitution[gcp-GitHub Actions-no] PASSED [  5%]
tests/test_create_project.py::test_no_databricks_workspace_urls PASSED   [  5%]
tests/test_create_project.py::test_no_databricks_doc_strings_before_project_generation PASSED [  6%]
tests/test_create_project.py::test_markdown_links[aws-GitHub Actions-no] PASSED [  7%]
tests/test_create_project.py::test_markdown_links[azure-GitHub Actions-no] PASSED [  7%]
tests/test_create_project.py::test_markdown_links[azure-Azure DevOps-no] PASSED [  8%]
tests/test_create_project.py::test_markdown_links[aws-GitHub Actions-yes] PASSED [  9%]
tests/test_create_project.py::test_markdown_links[azure-GitHub Actions-yes] FAILED [  9%]
tests/test_create_project.py::test_markdown_links[gcp-GitHub Actions-yes] PASSED [ 10%]
tests/test_create_project.py::test_markdown_links[gcp-GitHub Actions-no] PASSED [ 10%]
tests/test_create_project.py::test_generate_fails_with_invalid_params[invalid_params0] PASSED [ 11%]
tests/test_create_project.py::test_generate_fails_with_invalid_params[invalid_params1] PASSED [ 12%]
tests/test_create_project.py::test_generate_fails_with_invalid_params[invalid_params2] PASSED [ 12%]
tests/test_create_project.py::test_generate_fails_with_invalid_params[invalid_params3] PASSED [ 13%]
tests/test_create_project.py::test_generate_fails_with_invalid_params[invalid_params4] PASSED [ 14%]
tests/test_create_project.py::test_generate_fails_with_invalid_params[invalid_params5] PASSED [ 14%]
tests/test_create_project.py::test_generate_fails_with_invalid_params[invalid_params6] PASSED [ 15%]
tests/test_create_project.py::test_generate_fails_with_invalid_params[invalid_params7] PASSED [ 16%]
tests/test_create_project.py::test_generate_fails_with_invalid_params[invalid_params8] PASSED [ 16%]
tests/test_create_project.py::test_generate_fails_with_invalid_params[invalid_params9] PASSED [ 17%]
tests/test_create_project.py::test_generate_fails_with_invalid_params[invalid_params10] PASSED [ 18%]
tests/test_create_project.py::test_generate_fails_with_invalid_params[invalid_params11] PASSED [ 18%]
tests/test_create_project.py::test_generate_fails_with_invalid_params[invalid_params12] PASSED [ 19%]
tests/test_create_project.py::test_generate_fails_with_invalid_params[invalid_params13] PASSED [ 20%]
tests/test_create_project.py::test_generate_fails_with_invalid_params[invalid_params14] PASSED [ 20%]
tests/test_create_project.py::test_generate_fails_with_invalid_params[invalid_params15] PASSED [ 21%]
tests/test_create_project.py::test_generate_succeeds_with_valid_params[valid_params0] PASSED [ 21%]
tests/test_create_project.py::test_generate_succeeds_with_valid_params[valid_params1] PASSED [ 22%]
tests/test_create_project.py::test_generate_succeeds_with_valid_params[valid_params2] PASSED [ 23%]
tests/test_create_project.py::test_generate_succeeds_with_valid_params[valid_params3] PASSED [ 23%]
tests/test_create_project.py::test_generate_succeeds_with_valid_params[valid_params4] PASSED [ 24%]
tests/test_create_project.py::test_strip_slash_if_needed_from_mlflow_experiment_parent_dir[/mlops-project-directory/-/mlops-project-directory] PASSED [ 25%]
tests/test_create_project.py::test_strip_slash_if_needed_from_mlflow_experiment_parent_dir[/Users/test@databricks.com/project/-/Users/test@databricks.com/project] PASSED [ 25%]
tests/test_create_project.py::test_generate_project_with_default_values[aws-GitHub Actions-no] PASSED [ 26%]
tests/test_create_project.py::test_generate_project_with_default_values[azure-GitHub Actions-no] PASSED [ 27%]
tests/test_create_project.py::test_generate_project_with_default_values[azure-Azure DevOps-no] PASSED [ 27%]
tests/test_create_project.py::test_generate_project_with_default_values[aws-GitHub Actions-yes] PASSED [ 28%]
tests/test_create_project.py::test_generate_project_with_default_values[azure-GitHub Actions-yes] PASSED [ 29%]
tests/test_create_project.py::test_generate_project_with_default_values[gcp-GitHub Actions-yes] PASSED [ 29%]
tests/test_create_project.py::test_generate_project_with_default_values[gcp-GitHub Actions-no] PASSED [ 30%]
tests/test_create_project.py::test_workspace_dir_strip_query_params[aws-/?o=123456789#job/1234/run/9234] PASSED [ 30%]
tests/test_create_project.py::test_workspace_dir_strip_query_params[aws-/?o=123456789#] PASSED [ 31%]
tests/test_create_project.py::test_workspace_dir_strip_query_params[aws-/?o=123456789#ml/dashboard] PASSED [ 32%]
tests/test_create_project.py::test_workspace_dir_strip_query_params[aws-#ml/dashboard] PASSED [ 32%]
tests/test_create_project.py::test_workspace_dir_strip_query_params[azure-/?o=123456789#job/1234/run/9234] PASSED [ 33%]
tests/test_create_project.py::test_workspace_dir_strip_query_params[azure-/?o=123456789#] PASSED [ 34%]
tests/test_create_project.py::test_workspace_dir_strip_query_params[azure-/?o=123456789#ml/dashboard] PASSED [ 34%]
tests/test_create_project.py::test_workspace_dir_strip_query_params[azure-#ml/dashboard] PASSED [ 35%]
tests/test_create_project.py::test_workspace_dir_strip_query_params[gcp-/?o=123456789#job/1234/run/9234] PASSED [ 36%]
tests/test_create_project.py::test_workspace_dir_strip_query_params[gcp-/?o=123456789#] PASSED [ 36%]
tests/test_create_project.py::test_workspace_dir_strip_query_params[gcp-/?o=123456789#ml/dashboard] PASSED [ 37%]
tests/test_create_project.py::test_workspace_dir_strip_query_params[gcp-#ml/dashboard] PASSED [ 38%]
tests/test_create_project.py::test_generate_project_default_project_name_params PASSED [ 38%]
tests/test_create_project.py::test_cookiecutter_version_validation[2.0.5-False] PASSED [ 39%]
tests/test_create_project.py::test_cookiecutter_version_validation[2.1.0-True] PASSED [ 40%]
tests/test_create_project.py::test_cookiecutter_version_validation[2.1.1-True] PASSED [ 40%]
tests/test_create_project.py::test_cookiecutter_version_validation[2.1.1.dev0-True] PASSED [ 41%]
tests/test_create_project.py::test_cookiecutter_version_validation[2.9.0-True] PASSED [ 41%]
tests/test_create_project.py::test_cookiecutter_version_validation[2.10.0-True] PASSED [ 42%]
tests/test_create_project.py::test_cookiecutter_version_validation[3.0.0-True] PASSED [ 43%]
tests/test_create_project.py::test_cookiecutter_version_validation[1.9.3-False] PASSED [ 43%]
tests/test_create_project.py::test_cookiecutter_version_validation[1.0.0-False] PASSED [ 44%]
tests/test_github_actions.py::BLACK SKIPPED (file(s) previously passed black format checks) [ 45%]
tests/test_github_actions.py::test_generated_yaml_format[aws-yes-GitHub Actions] PASSED [ 45%]
tests/test_github_actions.py::test_generated_yaml_format[aws-no-GitHub Actions] PASSED [ 46%]
tests/test_github_actions.py::test_generated_yaml_format[azure-yes-GitHub Actions] PASSED [ 47%]
tests/test_github_actions.py::test_generated_yaml_format[azure-no-GitHub Actions] PASSED [ 47%]
tests/test_github_actions.py::test_generated_yaml_format[gcp-yes-GitHub Actions] PASSED [ 48%]
tests/test_github_actions.py::test_generated_yaml_format[gcp-no-GitHub Actions] PASSED [ 49%]
tests/test_github_actions.py::test_run_unit_tests_workflow[aws-yes-GitHub Actions] FAILED [ 49%]
tests/test_github_actions.py::test_run_unit_tests_workflow[aws-no-GitHub Actions] FAILED [ 50%]
tests/test_github_actions.py::test_run_unit_tests_workflow[azure-yes-GitHub Actions] FAILED [ 50%]
tests/test_github_actions.py::test_run_unit_tests_workflow[azure-no-GitHub Actions] FAILED [ 51%]
tests/test_github_actions.py::test_run_unit_tests_workflow[gcp-yes-GitHub Actions] FAILED [ 52%]
tests/test_github_actions.py::test_run_unit_tests_workflow[gcp-no-GitHub Actions] FAILED [ 52%]
tests/test_mlp.py::BLACK SKIPPED (file(s) previously passed black format checks) [ 53%]
tests/test_mlp.py::test_mlp_yaml_valid[aws-GitHub Actions-no-databricks-prod] PASSED [ 54%]
tests/test_mlp.py::test_mlp_yaml_valid[aws-GitHub Actions-no-databricks-staging] PASSED [ 54%]
tests/test_mlp.py::test_mlp_yaml_valid[aws-GitHub Actions-no-databricks-test] PASSED [ 55%]
tests/test_mlp.py::test_mlp_yaml_valid[aws-GitHub Actions-no-databricks-dev] PASSED [ 56%]
tests/test_mlp.py::test_mlp_yaml_valid[aws-GitHub Actions-no-local] PASSED [ 56%]
tests/test_mlp.py::test_mlp_yaml_valid[azure-GitHub Actions-no-databricks-prod] PASSED [ 57%]
tests/test_mlp.py::test_mlp_yaml_valid[azure-GitHub Actions-no-databricks-staging] PASSED [ 58%]
tests/test_mlp.py::test_mlp_yaml_valid[azure-GitHub Actions-no-databricks-test] PASSED [ 58%]
tests/test_mlp.py::test_mlp_yaml_valid[azure-GitHub Actions-no-databricks-dev] PASSED [ 59%]
tests/test_mlp.py::test_mlp_yaml_valid[azure-GitHub Actions-no-local] PASSED [ 60%]
tests/test_mlp.py::test_mlp_yaml_valid[azure-Azure DevOps-no-databricks-prod] PASSED [ 60%]
tests/test_mlp.py::test_mlp_yaml_valid[azure-Azure DevOps-no-databricks-staging] PASSED [ 61%]
tests/test_mlp.py::test_mlp_yaml_valid[azure-Azure DevOps-no-databricks-test] PASSED [ 61%]
tests/test_mlp.py::test_mlp_yaml_valid[azure-Azure DevOps-no-databricks-dev] PASSED [ 62%]
tests/test_mlp.py::test_mlp_yaml_valid[azure-Azure DevOps-no-local] PASSED [ 63%]
tests/test_mlp.py::test_mlp_yaml_valid[aws-GitHub Actions-yes-databricks-prod] PASSED [ 63%]
tests/test_mlp.py::test_mlp_yaml_valid[aws-GitHub Actions-yes-databricks-staging] PASSED [ 64%]
tests/test_mlp.py::test_mlp_yaml_valid[aws-GitHub Actions-yes-databricks-test] PASSED [ 65%]
tests/test_mlp.py::test_mlp_yaml_valid[aws-GitHub Actions-yes-databricks-dev] PASSED [ 65%]
tests/test_mlp.py::test_mlp_yaml_valid[aws-GitHub Actions-yes-local] PASSED [ 66%]
tests/test_mlp.py::test_mlp_yaml_valid[azure-GitHub Actions-yes-databricks-prod] PASSED [ 67%]
tests/test_mlp.py::test_mlp_yaml_valid[azure-GitHub Actions-yes-databricks-staging] PASSED [ 67%]
tests/test_mlp.py::test_mlp_yaml_valid[azure-GitHub Actions-yes-databricks-test] PASSED [ 68%]
tests/test_mlp.py::test_mlp_yaml_valid[azure-GitHub Actions-yes-databricks-dev] PASSED [ 69%]
tests/test_mlp.py::test_mlp_yaml_valid[azure-GitHub Actions-yes-local] PASSED [ 69%]
tests/test_mlp.py::test_mlp_yaml_valid[gcp-GitHub Actions-yes-databricks-prod] PASSED [ 70%]
tests/test_mlp.py::test_mlp_yaml_valid[gcp-GitHub Actions-yes-databricks-staging] PASSED [ 70%]
tests/test_mlp.py::test_mlp_yaml_valid[gcp-GitHub Actions-yes-databricks-test] PASSED [ 71%]
tests/test_mlp.py::test_mlp_yaml_valid[gcp-GitHub Actions-yes-databricks-dev] PASSED [ 72%]
tests/test_mlp.py::test_mlp_yaml_valid[gcp-GitHub Actions-yes-local] PASSED [ 72%]
tests/test_mlp.py::test_mlp_yaml_valid[gcp-GitHub Actions-no-databricks-prod] PASSED [ 73%]
tests/test_mlp.py::test_mlp_yaml_valid[gcp-GitHub Actions-no-databricks-staging] PASSED [ 74%]
tests/test_mlp.py::test_mlp_yaml_valid[gcp-GitHub Actions-no-databricks-test] PASSED [ 74%]
tests/test_mlp.py::test_mlp_yaml_valid[gcp-GitHub Actions-no-databricks-dev] PASSED [ 75%]
tests/test_mlp.py::test_mlp_yaml_valid[gcp-GitHub Actions-no-local] PASSED [ 76%]
tests/test_terraform_templates.py::BLACK SKIPPED (file(s) previously passed black format checks) [ 76%]
tests/test_terraform_templates.py::test_can_run_terraform_for_ml_resources[aws-GitHub Actions-no-staging] PASSED [ 77%]
tests/test_terraform_templates.py::test_can_run_terraform_for_ml_resources[aws-GitHub Actions-no-prod] PASSED [ 78%]
tests/test_terraform_templates.py::test_can_run_terraform_for_ml_resources[azure-GitHub Actions-no-staging] PASSED [ 78%]
tests/test_terraform_templates.py::test_can_run_terraform_for_ml_resources[azure-GitHub Actions-no-prod] PASSED [ 79%]
tests/test_terraform_templates.py::test_can_run_terraform_for_ml_resources[azure-Azure DevOps-no-staging] PASSED [ 80%]
tests/test_terraform_templates.py::test_can_run_terraform_for_ml_resources[azure-Azure DevOps-no-prod] PASSED [ 80%]
tests/test_terraform_templates.py::test_can_run_terraform_for_ml_resources[aws-GitHub Actions-yes-staging] PASSED [ 81%]
tests/test_terraform_templates.py::test_can_run_terraform_for_ml_resources[aws-GitHub Actions-yes-prod] PASSED [ 81%]
tests/test_terraform_templates.py::test_can_run_terraform_for_ml_resources[azure-GitHub Actions-yes-staging] PASSED [ 82%]
tests/test_terraform_templates.py::test_can_run_terraform_for_ml_resources[azure-GitHub Actions-yes-prod] PASSED [ 83%]
tests/test_terraform_templates.py::test_can_run_terraform_for_ml_resources[gcp-GitHub Actions-yes-staging] PASSED [ 83%]
tests/test_terraform_templates.py::test_can_run_terraform_for_ml_resources[gcp-GitHub Actions-yes-prod] PASSED [ 84%]
tests/test_terraform_templates.py::test_can_run_terraform_for_ml_resources[gcp-GitHub Actions-no-staging] PASSED [ 85%]
tests/test_terraform_templates.py::test_can_run_terraform_for_ml_resources[gcp-GitHub Actions-no-prod] PASSED [ 85%]
tests/test_terraform_templates.py::test_can_run_terraform_for_cicd[aws-GitHub Actions-no-terraform] PASSED [ 86%]
tests/test_terraform_templates.py::test_can_run_terraform_for_cicd[aws-GitHub Actions-no-cicd] PASSED [ 87%]
tests/test_terraform_templates.py::test_can_run_terraform_for_cicd[azure-GitHub Actions-no-terraform] PASSED [ 87%]
tests/test_terraform_templates.py::test_can_run_terraform_for_cicd[azure-GitHub Actions-no-cicd] PASSED [ 88%]
tests/test_terraform_templates.py::test_can_run_terraform_for_cicd[azure-Azure DevOps-no-terraform] PASSED [ 89%]
tests/test_terraform_templates.py::test_can_run_terraform_for_cicd[azure-Azure DevOps-no-cicd] FAILED [ 89%]
tests/test_terraform_templates.py::test_can_run_terraform_for_cicd[aws-GitHub Actions-yes-terraform] FAILED [ 90%]
tests/test_terraform_templates.py::test_can_run_terraform_for_cicd[aws-GitHub Actions-yes-cicd] FAILED [ 90%]
tests/test_terraform_templates.py::test_can_run_terraform_for_cicd[azure-GitHub Actions-yes-terraform] FAILED [ 91%]
tests/test_terraform_templates.py::test_can_run_terraform_for_cicd[azure-GitHub Actions-yes-cicd] FAILED [ 92%]
tests/test_terraform_templates.py::test_can_run_terraform_for_cicd[gcp-GitHub Actions-yes-terraform] FAILED [ 92%]
tests/test_terraform_templates.py::test_can_run_terraform_for_cicd[gcp-GitHub Actions-yes-cicd] ERROR [ 93%]
tests/test_terraform_templates.py::test_can_run_terraform_for_cicd[gcp-GitHub Actions-no-terraform] ERROR [ 94%]
tests/test_terraform_templates.py::test_can_run_terraform_for_cicd[gcp-GitHub Actions-no-cicd] ERROR [ 94%]
tests/test_terraform_templates.py::test_can_parse_terraform_output_for_cicd[aws-GitHub Actions-no] ERROR [ 95%]
tests/test_terraform_templates.py::test_can_parse_terraform_output_for_cicd[azure-GitHub Actions-no] ERROR [ 96%]
tests/test_terraform_templates.py::test_can_parse_terraform_output_for_cicd[azure-Azure DevOps-no] ERROR [ 96%]
tests/test_terraform_templates.py::test_can_parse_terraform_output_for_cicd[aws-GitHub Actions-yes] ERROR [ 97%]
tests/test_terraform_templates.py::test_can_parse_terraform_output_for_cicd[azure-GitHub Actions-yes] ERROR [ 98%]
tests/test_terraform_templates.py::test_can_parse_terraform_output_for_cicd[gcp-GitHub Actions-yes] ERROR [ 98%]
tests/test_terraform_templates.py::test_can_parse_terraform_output_for_cicd[gcp-GitHub Actions-no] ERROR [ 99%]
tests/utils.py::BLACK SKIPPED (file(s) previously passed black format checks) [100%]

==================================== ERRORS ==============================